1605615677427	geckodriver	INFO	Listening on 127.0.0.1:56407
1605615680471	mozrunner::runner	INFO	Running command: "C:\\Program Files\\Mozilla Firefox\\firefox.exe" "--marionette" "-foreground" "-no-remote" "-profile" "C:\\Users\\Kacper\\AppData\\Local\\Temp\\rust_mozprofile3RcXdu"
Can't find symbol 'eglSwapBuffersWithDamageEXT'.
JavaScript error: resource://gre/modules/XULStore.jsm, line 66: Error: Can't find profile directory.
console.warn: SearchSettings: "get: No settings file exists, new profile?" (new Error("", "(unknown module)"))
1605615683471	Marionette	INFO	Listening on port 56416
1605615683657	Marionette	WARN	TLS certificate errors will be ignored for this session
1605615686502	Marionette	INFO	Stopped listening on port 56416

###!!! [Child][RunMessage] Error: Channel closing: too late to send/recv, messages will be lost


###!!! [Child][MessageChannel::SendAndWait] Error: Channel error: cannot send/recv

1605615692437	geckodriver	INFO	Listening on 127.0.0.1:56459
1605615695516	mozrunner::runner	INFO	Running command: "C:\\Program Files\\Mozilla Firefox\\firefox.exe" "--marionette" "-foreground" "-no-remote" "-profile" "C:\\Users\\Kacper\\AppData\\Local\\Temp\\rust_mozprofilerD4RHz"
Can't find symbol 'eglSwapBuffersWithDamageEXT'.
JavaScript error: resource://gre/modules/XULStore.jsm, line 66: Error: Can't find profile directory.
console.warn: SearchSettings: "get: No settings file exists, new profile?" (new Error("", "(unknown module)"))
1605615698928	Marionette	INFO	Listening on port 56469
1605615699236	Marionette	WARN	TLS certificate errors will be ignored for this session
1605615702160	Marionette	INFO	Stopped listening on port 56469

###!!! [Child][RunMessage] Error: Channel closing: too late to send/recv, messages will be lost


###!!! [Child][MessageChannel::SendAndWait] Error: Channel error: cannot send/recv

